2024-12-16 17:00:16,685 [Worker-6: Loading available Gradle versions] INFO  o.e.b.c.i.u.g.PublishedGradleVersions - Gradle version information cache is up-to-date. Trying to read.
2024-12-16 17:01:00,990 [Worker-3: Building] INFO  o.e.m.c.i.l.LifecycleMappingFactory - Using org.eclipse.m2e.jdt.JarLifecycleMapping lifecycle mapping for MavenProject: com.coforge.training:Transaction-service:0.0.1-SNAPSHOT @ D:\Training\bankmicro-workspace\Transaction-service\pom.xml.
2024-12-16 17:01:03,992 [Worker-3: Building] INFO  o.a.m.s.f.DefaultMavenResourcesFiltering - Copying 1 resource from src\main\resources to target\classes
2024-12-16 17:01:04,008 [Worker-3: Building] INFO  o.a.m.s.f.DefaultMavenResourcesFiltering - Copying 0 resource from src\main\resources to target\classes
2024-12-16 17:01:04,018 [Worker-3: Building] INFO  o.a.m.s.f.DefaultMavenResourcesFiltering - skip non existing resourceDirectory D:\Training\bankmicro-workspace\Transaction-service\src\test\resources
2024-12-16 17:01:06,350 [Worker-7: Building] INFO  o.a.m.s.f.DefaultMavenResourcesFiltering - Copying 1 resource from src\main\resources to target\classes
2024-12-16 17:01:06,355 [Worker-7: Building] INFO  o.a.m.s.f.DefaultMavenResourcesFiltering - Copying 0 resource from src\main\resources to target\classes
2024-12-16 17:01:06,361 [Worker-7: Building] INFO  o.a.m.s.f.DefaultMavenResourcesFiltering - skip non existing resourceDirectory D:\Training\bankmicro-workspace\Transaction-service\src\test\resources
2024-12-16 17:01:07,876 [Worker-7: Building] INFO  o.e.m.c.i.l.LifecycleMappingFactory - Using org.eclipse.m2e.jdt.JarLifecycleMapping lifecycle mapping for MavenProject: com.coforge.training:Transaction-service:0.0.1-SNAPSHOT @ D:\Training\bankmicro-workspace\admin-service\pom.xml.
2024-12-16 17:01:10,885 [Worker-7: Building] INFO  o.a.m.s.f.DefaultMavenResourcesFiltering - Copying 1 resource from src\main\resources to target\classes
2024-12-16 17:01:10,921 [Worker-7: Building] INFO  o.a.m.s.f.DefaultMavenResourcesFiltering - Copying 0 resource from src\main\resources to target\classes
2024-12-16 17:01:10,943 [Worker-7: Building] INFO  o.a.m.s.f.DefaultMavenResourcesFiltering - skip non existing resourceDirectory D:\Training\bankmicro-workspace\admin-service\src\test\resources
2024-12-16 17:01:12,582 [Worker-7: Building] INFO  o.e.m.c.i.l.LifecycleMappingFactory - Using org.eclipse.m2e.jdt.JarLifecycleMapping lifecycle mapping for MavenProject: com.coforge.training:Transaction-service:0.0.1-SNAPSHOT @ D:\Training\bankmicro-workspace\authentication-service\pom.xml.
2024-12-16 17:01:15,208 [Worker-7: Building] INFO  o.a.m.s.f.DefaultMavenResourcesFiltering - Copying 1 resource from src\main\resources to target\classes
2024-12-16 17:01:15,232 [Worker-7: Building] INFO  o.a.m.s.f.DefaultMavenResourcesFiltering - Copying 0 resource from src\main\resources to target\classes
2024-12-16 17:01:15,239 [Worker-7: Building] INFO  o.a.m.s.f.DefaultMavenResourcesFiltering - skip non existing resourceDirectory D:\Training\bankmicro-workspace\authentication-service\src\test\resources
2024-12-16 17:01:17,000 [Worker-20: Building] INFO  o.a.m.s.f.DefaultMavenResourcesFiltering - Copying 1 resource from src\main\resources to target\classes
2024-12-16 17:01:17,006 [Worker-20: Building] INFO  o.a.m.s.f.DefaultMavenResourcesFiltering - Copying 0 resource from src\main\resources to target\classes
2024-12-16 17:01:17,012 [Worker-20: Building] INFO  o.a.m.s.f.DefaultMavenResourcesFiltering - skip non existing resourceDirectory D:\Training\bankmicro-workspace\authentication-service\src\test\resources
2024-12-16 17:03:39,449 [Worker-19: Building] INFO  o.e.m.c.i.l.LifecycleMappingFactory - Using org.eclipse.m2e.jdt.JarLifecycleMapping lifecycle mapping for MavenProject: com.coforge.training:Transaction-service:0.0.1-SNAPSHOT @ D:\Training\bankmicro-workspace\Transaction-service\pom.xml.
2024-12-16 17:03:41,346 [Worker-19: Building] INFO  o.a.m.s.f.DefaultMavenResourcesFiltering - Copying 1 resource from src\main\resources to target\classes
2024-12-16 17:03:41,360 [Worker-19: Building] INFO  o.a.m.s.f.DefaultMavenResourcesFiltering - Copying 0 resource from src\main\resources to target\classes
2024-12-16 17:03:41,364 [Worker-19: Building] INFO  o.a.m.s.f.DefaultMavenResourcesFiltering - skip non existing resourceDirectory D:\Training\bankmicro-workspace\Transaction-service\src\test\resources
2024-12-16 17:03:41,975 [Worker-18: Building] INFO  o.a.m.s.f.DefaultMavenResourcesFiltering - Copying 1 resource from src\main\resources to target\classes
2024-12-16 17:03:41,979 [Worker-18: Building] INFO  o.a.m.s.f.DefaultMavenResourcesFiltering - Copying 0 resource from src\main\resources to target\classes
2024-12-16 17:03:41,982 [Worker-18: Building] INFO  o.a.m.s.f.DefaultMavenResourcesFiltering - skip non existing resourceDirectory D:\Training\bankmicro-workspace\Transaction-service\src\test\resources
2024-12-16 17:03:43,698 [Worker-18: Building] INFO  o.e.m.c.i.l.LifecycleMappingFactory - Using org.eclipse.m2e.jdt.JarLifecycleMapping lifecycle mapping for MavenProject: com.coforge.training:Transaction-service:0.0.1-SNAPSHOT @ D:\Training\bankmicro-workspace\admin-service\pom.xml.
2024-12-16 17:03:45,372 [Worker-18: Building] INFO  o.a.m.s.f.DefaultMavenResourcesFiltering - Copying 1 resource from src\main\resources to target\classes
2024-12-16 17:03:45,393 [Worker-18: Building] INFO  o.a.m.s.f.DefaultMavenResourcesFiltering - Copying 0 resource from src\main\resources to target\classes
2024-12-16 17:03:45,399 [Worker-18: Building] INFO  o.a.m.s.f.DefaultMavenResourcesFiltering - skip non existing resourceDirectory D:\Training\bankmicro-workspace\admin-service\src\test\resources
2024-12-16 17:03:47,557 [Worker-20: Building] INFO  o.e.m.c.i.l.LifecycleMappingFactory - Using org.eclipse.m2e.jdt.JarLifecycleMapping lifecycle mapping for MavenProject: com.coforge.training:Transaction-service:0.0.1-SNAPSHOT @ D:\Training\bankmicro-workspace\authentication-service\pom.xml.
2024-12-16 17:03:49,612 [Worker-20: Building] INFO  o.a.m.s.f.DefaultMavenResourcesFiltering - Copying 1 resource from src\main\resources to target\classes
2024-12-16 17:03:49,631 [Worker-20: Building] INFO  o.a.m.s.f.DefaultMavenResourcesFiltering - Copying 0 resource from src\main\resources to target\classes
2024-12-16 17:03:49,635 [Worker-20: Building] INFO  o.a.m.s.f.DefaultMavenResourcesFiltering - skip non existing resourceDirectory D:\Training\bankmicro-workspace\authentication-service\src\test\resources
2024-12-16 17:03:51,491 [Worker-21: Updating Maven Dependencies] INFO  o.e.m.c.i.l.LifecycleMappingFactory - Using org.eclipse.m2e.jdt.JarLifecycleMapping lifecycle mapping for MavenProject: com.coforge.training:Transaction-service:0.0.1-SNAPSHOT @ D:\Training\bankmicro-workspace\Transaction-service\pom.xml.
2024-12-16 17:03:52,779 [Worker-21: Updating Maven Dependencies] INFO  o.e.m.c.i.l.LifecycleMappingFactory - Using org.eclipse.m2e.jdt.JarLifecycleMapping lifecycle mapping for MavenProject: com.coforge.training:Transaction-service:0.0.1-SNAPSHOT @ D:\Training\bankmicro-workspace\admin-service\pom.xml.
2024-12-16 17:03:53,239 [Worker-11: Building] INFO  o.a.m.s.f.DefaultMavenResourcesFiltering - Copying 1 resource from src\main\resources to target\classes
2024-12-16 17:03:53,244 [Worker-11: Building] INFO  o.a.m.s.f.DefaultMavenResourcesFiltering - Copying 0 resource from src\main\resources to target\classes
2024-12-16 17:03:53,248 [Worker-11: Building] INFO  o.a.m.s.f.DefaultMavenResourcesFiltering - skip non existing resourceDirectory D:\Training\bankmicro-workspace\authentication-service\src\test\resources
2024-12-16 17:03:53,312 [Worker-21: Updating Maven Dependencies] INFO  o.e.m.c.i.l.LifecycleMappingFactory - Using org.eclipse.m2e.jdt.JarLifecycleMapping lifecycle mapping for MavenProject: com.coforge.training:Transaction-service:0.0.1-SNAPSHOT @ D:\Training\bankmicro-workspace\authentication-service\pom.xml.
2024-12-16 17:04:16,709 [Worker-21: Building] INFO  o.e.m.c.i.l.LifecycleMappingFactory - Using org.eclipse.m2e.jdt.JarLifecycleMapping lifecycle mapping for MavenProject: com.coforge.training:Transaction-service:0.0.1-SNAPSHOT @ D:\Training\bankmicro-workspace\Transaction-service\pom.xml.
2024-12-16 17:04:18,250 [Worker-21: Building] INFO  o.a.m.s.f.DefaultMavenResourcesFiltering - Copying 1 resource from src\main\resources to target\classes
2024-12-16 17:04:18,263 [Worker-21: Building] INFO  o.a.m.s.f.DefaultMavenResourcesFiltering - Copying 0 resource from src\main\resources to target\classes
2024-12-16 17:04:18,267 [Worker-21: Building] INFO  o.a.m.s.f.DefaultMavenResourcesFiltering - skip non existing resourceDirectory D:\Training\bankmicro-workspace\Transaction-service\src\test\resources
2024-12-16 17:04:20,496 [Worker-2: Updating Maven Dependencies] INFO  o.e.m.c.i.l.LifecycleMappingFactory - Using org.eclipse.m2e.jdt.JarLifecycleMapping lifecycle mapping for MavenProject: com.coforge.training:Transaction-service:0.0.1-SNAPSHOT @ D:\Training\bankmicro-workspace\Transaction-service\pom.xml.
2024-12-16 17:04:20,557 [Worker-4: Building] INFO  o.a.m.s.f.DefaultMavenResourcesFiltering - Copying 1 resource from src\main\resources to target\classes
2024-12-16 17:04:20,578 [Worker-4: Building] INFO  o.a.m.s.f.DefaultMavenResourcesFiltering - Copying 0 resource from src\main\resources to target\classes
2024-12-16 17:04:20,584 [Worker-4: Building] INFO  o.a.m.s.f.DefaultMavenResourcesFiltering - skip non existing resourceDirectory D:\Training\bankmicro-workspace\Transaction-service\src\test\resources
2024-12-16 17:04:21,849 [Worker-8: Building] INFO  o.e.m.c.i.l.LifecycleMappingFactory - Using org.eclipse.m2e.jdt.JarLifecycleMapping lifecycle mapping for MavenProject: com.coforge.training:Transaction-service:0.0.1-SNAPSHOT @ D:\Training\bankmicro-workspace\admin-service\pom.xml.
2024-12-16 17:04:24,208 [Worker-8: Building] INFO  o.a.m.s.f.DefaultMavenResourcesFiltering - Copying 1 resource from src\main\resources to target\classes
2024-12-16 17:04:24,221 [Worker-8: Building] INFO  o.a.m.s.f.DefaultMavenResourcesFiltering - Copying 0 resource from src\main\resources to target\classes
2024-12-16 17:04:24,225 [Worker-8: Building] INFO  o.a.m.s.f.DefaultMavenResourcesFiltering - skip non existing resourceDirectory D:\Training\bankmicro-workspace\admin-service\src\test\resources
2024-12-16 17:04:25,278 [Worker-5: Building] INFO  o.e.m.c.i.l.LifecycleMappingFactory - Using org.eclipse.m2e.jdt.JarLifecycleMapping lifecycle mapping for MavenProject: com.coforge.training:Transaction-service:0.0.1-SNAPSHOT @ D:\Training\bankmicro-workspace\authentication-service\pom.xml.
2024-12-16 17:04:28,202 [Worker-5: Building] INFO  o.a.m.s.f.DefaultMavenResourcesFiltering - Copying 1 resource from src\main\resources to target\classes
2024-12-16 17:04:28,221 [Worker-5: Building] INFO  o.a.m.s.f.DefaultMavenResourcesFiltering - Copying 0 resource from src\main\resources to target\classes
2024-12-16 17:04:28,226 [Worker-5: Building] INFO  o.a.m.s.f.DefaultMavenResourcesFiltering - skip non existing resourceDirectory D:\Training\bankmicro-workspace\authentication-service\src\test\resources
2024-12-16 17:04:32,158 [Worker-0: Updating Maven Dependencies] INFO  o.e.m.c.i.l.LifecycleMappingFactory - Using org.eclipse.m2e.jdt.JarLifecycleMapping lifecycle mapping for MavenProject: com.coforge.training:Transaction-service:0.0.1-SNAPSHOT @ D:\Training\bankmicro-workspace\Transaction-service\pom.xml.
2024-12-16 17:04:33,896 [Worker-8: Building] INFO  o.a.m.s.f.DefaultMavenResourcesFiltering - Copying 1 resource from src\main\resources to target\classes
2024-12-16 17:04:33,926 [Worker-8: Building] INFO  o.a.m.s.f.DefaultMavenResourcesFiltering - Copying 0 resource from src\main\resources to target\classes
2024-12-16 17:04:33,932 [Worker-8: Building] INFO  o.a.m.s.f.DefaultMavenResourcesFiltering - skip non existing resourceDirectory D:\Training\bankmicro-workspace\authentication-service\src\test\resources
2024-12-16 17:04:34,574 [Worker-0: Updating Maven Dependencies] INFO  o.e.m.c.i.l.LifecycleMappingFactory - Using org.eclipse.m2e.jdt.JarLifecycleMapping lifecycle mapping for MavenProject: com.coforge.training:Transaction-service:0.0.1-SNAPSHOT @ D:\Training\bankmicro-workspace\admin-service\pom.xml.
2024-12-16 17:04:35,207 [Worker-0: Updating Maven Dependencies] INFO  o.e.m.c.i.l.LifecycleMappingFactory - Using org.eclipse.m2e.jdt.JarLifecycleMapping lifecycle mapping for MavenProject: com.coforge.training:Transaction-service:0.0.1-SNAPSHOT @ D:\Training\bankmicro-workspace\authentication-service\pom.xml.
2024-12-16 17:07:09,922 [Worker-1: Loading available Gradle versions] INFO  o.e.b.c.i.u.g.PublishedGradleVersions - Gradle version information cache is up-to-date. Trying to read.
2024-12-16 17:09:02,303 [Worker-6: Loading available Gradle versions] INFO  o.e.b.c.i.u.g.PublishedGradleVersions - Gradle version information cache is up-to-date. Trying to read.
